<?xml version="1.0" encoding="UTF-8"?>
<!-- Generated by org.testng.reporters.JUnitXMLReporter -->
<testsuite hostname="147-NAHMED" ignored="0" name="Default test" tests="3" failures="0" timestamp="29 Jun 2018 18:24:28 GMT" time="43.239" errors="0">
  <testcase name="testRegistration" time="12.753" classname="test.TestLogin"/>
  <testcase name="testLogin" time="10.736" classname="test.TestLogin"/>
  <testcase name="testFlightDetails" time="4.581" classname="test.TestLogin"/>
</testsuite> <!-- Default test -->
