<?xml version="1.0" encoding="UTF-8"?>
<!-- Generated by org.testng.reporters.JUnitXMLReporter -->
<testsuite hostname="147-NAHMED" ignored="0" name="Login" tests="3" failures="0" timestamp="29 Jun 2018 18:14:36 GMT" time="39.366" errors="0">
  <testcase name="testRegistration" time="14.764" classname="test.TestLogin"/>
  <testcase name="testLogin" time="7.738" classname="test.TestLogin"/>
  <testcase name="testFlightDetails" time="0.001" classname="test.TestLogin"/>
</testsuite> <!-- Login -->
