<?xml version="1.0" encoding="UTF-8"?>
<!-- Generated by org.testng.reporters.JUnitXMLReporter -->
<testsuite hostname="147-NAHMED" ignored="0" name="Login" tests="5" failures="0" timestamp="02 Jul 2018 20:32:46 GMT" time="31.412" errors="0">
  <testcase name="testRegistration" time="7.409" classname="test.TestLogin"/>
  <testcase name="testLogin" time="1.925" classname="test.TestLogin"/>
  <testcase name="testFlightDetails" time="1.513" classname="test.TestLogin"/>
  <testcase name="testselectFlightPrices" time="0.754" classname="test.TestLogin"/>
  <testcase name="signOff" time="0.573" classname="test.TestLogin"/>
</testsuite> <!-- Login -->
