<?xml version="1.0" encoding="UTF-8"?>
<!-- Generated by org.testng.reporters.JUnitXMLReporter -->
<testsuite hostname="147-NAHMED" ignored="0" name="Registration" tests="1" failures="1" timestamp="29 Jun 2018 17:47:38 GMT" time="5.004" errors="0">
  <testcase name="testRegistration" time="5.001" classname="test.TestRegistration">
    <failure type="java.lang.NullPointerException">
      <![CDATA[java.lang.NullPointerException
at pages.RegistrationPage.registration(RegistrationPage.java:40)
at test.TestRegistration.testRegistration(TestRegistration.java:12)
... Removed 25 stack frames]]>
    </failure>
  </testcase> <!-- testRegistration -->
</testsuite> <!-- Registration -->
