<?xml version="1.0" encoding="UTF-8"?>
<!-- Generated by org.testng.reporters.JUnitXMLReporter -->
<testsuite hostname="147-NAHMED" ignored="0" name="Test" tests="3" failures="1" timestamp="29 Jun 2018 14:55:06 GMT" time="29.155" errors="0">
  <testcase name="clickBookings" time="4.009" classname="test.TestLogin">
    <failure type="java.lang.NullPointerException">
      <![CDATA[java.lang.NullPointerException
at pages.LoginPage.clickBookings(LoginPage.java:47)
at test.TestLogin.clickBookings(TestLogin.java:26)
... Removed 25 stack frames]]>
    </failure>
  </testcase> <!-- clickBookings -->
  <testcase name="testLogin" time="20.057" classname="test.TestLogin"/>
  <testcase name="testSummaryTitle" time="5.067" classname="test.TestLogin"/>
</testsuite> <!-- Test -->
