<?xml version="1.0" encoding="UTF-8"?>
<!-- Generated by org.testng.reporters.JUnitXMLReporter -->
<testsuite hostname="147-NAHMED" ignored="0" name="OperationsTest" tests="5" failures="0" timestamp="03 Jul 2018 13:05:54 GMT" time="0.094" errors="0">
  <testcase name="testAddition on testAddition(application.TestOperations)" time="0.016" classname="application.TestOperations"/>
  <testcase name="testSubtraction on testSubtraction(application.TestOperations)" time="0.016" classname="application.TestOperations"/>
  <testcase name="testMultiply on testMultiply(application.TestOperations)" time="0.016" classname="application.TestOperations"/>
  <testcase name="testDivide on testDivide(application.TestOperations)" time="0.032" classname="application.TestOperations"/>
  <testcase name="testDivdieWithZero on testDivdieWithZero(application.TestOperations)" time="0.032" classname="application.TestOperations"/>
</testsuite> <!-- OperationsTest -->
