<?xml version="1.0" encoding="UTF-8"?>
<!-- Generated by org.testng.reporters.JUnitXMLReporter -->
<testsuite hostname="147-NAHMED" ignored="0" name="MercuryTest" tests="5" failures="0" timestamp="03 Jul 2018 12:36:36 GMT" time="79.458" errors="0">
  <testcase name="testRegistration" time="21.839" classname="test.TestLogin"/>
  <testcase name="testLogin" time="48.194" classname="test.TestLogin"/>
  <testcase name="testFlightDetails" time="1.103" classname="test.TestLogin"/>
  <testcase name="testselectFlightPrices" time="0.712" classname="test.TestLogin"/>
  <testcase name="signOff" time="0.453" classname="test.TestLogin"/>
</testsuite> <!-- MercuryTest -->
