<?xml version="1.0" encoding="UTF-8"?>
<testng-results skipped="0" failed="0" ignored="0" total="3" passed="3">
  <reporter-output>
  </reporter-output>
  <suite name="Default suite" duration-ms="43239" started-at="2018-06-29T18:23:45Z" finished-at="2018-06-29T18:24:28Z">
    <groups>
    </groups>
    <test name="Default test" duration-ms="43239" started-at="2018-06-29T18:23:45Z" finished-at="2018-06-29T18:24:28Z">
      <class name="test.TestLogin">
        <test-method status="PASS" signature="setUp()[pri:0, instance:test.TestLogin@17d677df]" name="setUp" is-config="true" duration-ms="15138" started-at="2018-06-29T18:23:45Z" finished-at="2018-06-29T18:24:00Z">
          <reporter-output>
          </reporter-output>
        </test-method> <!-- setUp -->
        <test-method status="PASS" signature="testRegistration()[pri:1, instance:test.TestLogin@17d677df]" name="testRegistration" duration-ms="12753" started-at="2018-06-29T18:24:00Z" finished-at="2018-06-29T18:24:13Z">
          <reporter-output>
          </reporter-output>
        </test-method> <!-- testRegistration -->
        <test-method status="PASS" signature="testLogin()[pri:2, instance:test.TestLogin@17d677df]" name="testLogin" duration-ms="10736" started-at="2018-06-29T18:24:13Z" finished-at="2018-06-29T18:24:23Z">
          <reporter-output>
          </reporter-output>
        </test-method> <!-- testLogin -->
        <test-method status="PASS" signature="testFlightDetails()[pri:3, instance:test.TestLogin@17d677df]" name="testFlightDetails" duration-ms="4581" started-at="2018-06-29T18:24:23Z" finished-at="2018-06-29T18:24:28Z">
          <reporter-output>
          </reporter-output>
        </test-method> <!-- testFlightDetails -->
      </class> <!-- test.TestLogin -->
    </test> <!-- Default test -->
  </suite> <!-- Default suite -->
</testng-results>
