<?xml version="1.0" encoding="UTF-8"?>
<testng-results skipped="0" failed="0" ignored="0" total="4" passed="4">
  <reporter-output>
  </reporter-output>
  <suite name="Default suite" duration-ms="45419" started-at="2018-06-29T18:41:11Z" finished-at="2018-06-29T18:41:57Z">
    <groups>
    </groups>
    <test name="Default test" duration-ms="45419" started-at="2018-06-29T18:41:11Z" finished-at="2018-06-29T18:41:57Z">
      <class name="test.TestLogin">
        <test-method status="PASS" signature="setUp()[pri:0, instance:test.TestLogin@17d677df]" name="setUp" is-config="true" duration-ms="12819" started-at="2018-06-29T18:41:11Z" finished-at="2018-06-29T18:41:24Z">
          <reporter-output>
          </reporter-output>
        </test-method> <!-- setUp -->
        <test-method status="PASS" signature="testRegistration()[pri:1, instance:test.TestLogin@17d677df]" name="testRegistration" duration-ms="16947" started-at="2018-06-29T18:41:24Z" finished-at="2018-06-29T18:41:41Z">
          <reporter-output>
          </reporter-output>
        </test-method> <!-- testRegistration -->
        <test-method status="PASS" signature="testLogin()[pri:2, instance:test.TestLogin@17d677df]" name="testLogin" duration-ms="9238" started-at="2018-06-29T18:41:41Z" finished-at="2018-06-29T18:41:50Z">
          <reporter-output>
          </reporter-output>
        </test-method> <!-- testLogin -->
        <test-method status="PASS" signature="testFlightDetails()[pri:3, instance:test.TestLogin@17d677df]" name="testFlightDetails" duration-ms="4127" started-at="2018-06-29T18:41:50Z" finished-at="2018-06-29T18:41:54Z">
          <reporter-output>
          </reporter-output>
        </test-method> <!-- testFlightDetails -->
        <test-method status="PASS" signature="testselectFlightPrices()[pri:4, instance:test.TestLogin@17d677df]" name="testselectFlightPrices" duration-ms="2241" started-at="2018-06-29T18:41:54Z" finished-at="2018-06-29T18:41:57Z">
          <reporter-output>
          </reporter-output>
        </test-method> <!-- testselectFlightPrices -->
      </class> <!-- test.TestLogin -->
    </test> <!-- Default test -->
  </suite> <!-- Default suite -->
</testng-results>
